CRITICAL - 2023-05-26 15:04:48 --> Call to a member function isValid() on null
in APPPATH/Controllers/Admin.php on line 37.
 1 SYSTEMPATH/CodeIgniter.php(934): App\Controllers\Admin->saveMovie()
 2 SYSTEMPATH/CodeIgniter.php(499): CodeIgniter\CodeIgniter->runController()
 3 SYSTEMPATH/CodeIgniter.php(368): CodeIgniter\CodeIgniter->handleRequest()
 4 FCPATH/index.php(67): CodeIgniter\CodeIgniter->run()
CRITICAL - 2023-05-26 15:05:46 --> Undefined property: App\Controllers\Admin::$session
in APPPATH/Controllers/Admin.php on line 76.
 1 APPPATH/Controllers/Admin.php(76): CodeIgniter\Debug\Exceptions->errorHandler()
 2 SYSTEMPATH/CodeIgniter.php(934): App\Controllers\Admin->saveMovie()
 3 SYSTEMPATH/CodeIgniter.php(499): CodeIgniter\CodeIgniter->runController()
 4 SYSTEMPATH/CodeIgniter.php(368): CodeIgniter\CodeIgniter->handleRequest()
 5 FCPATH/index.php(67): CodeIgniter\CodeIgniter->run()
CRITICAL - 2023-05-26 15:08:19 --> Undefined property: App\Controllers\Admin::$session
in APPPATH/Controllers/Admin.php on line 78.
 1 APPPATH/Controllers/Admin.php(78): CodeIgniter\Debug\Exceptions->errorHandler()
 2 SYSTEMPATH/CodeIgniter.php(934): App\Controllers\Admin->saveMovie()
 3 SYSTEMPATH/CodeIgniter.php(499): CodeIgniter\CodeIgniter->runController()
 4 SYSTEMPATH/CodeIgniter.php(368): CodeIgniter\CodeIgniter->handleRequest()
 5 FCPATH/index.php(67): CodeIgniter\CodeIgniter->run()
CRITICAL - 2023-05-26 15:08:23 --> Undefined property: App\Controllers\Admin::$session
in APPPATH/Controllers/Admin.php on line 78.
 1 APPPATH/Controllers/Admin.php(78): CodeIgniter\Debug\Exceptions->errorHandler()
 2 SYSTEMPATH/CodeIgniter.php(934): App\Controllers\Admin->saveMovie()
 3 SYSTEMPATH/CodeIgniter.php(499): CodeIgniter\CodeIgniter->runController()
 4 SYSTEMPATH/CodeIgniter.php(368): CodeIgniter\CodeIgniter->handleRequest()
 5 FCPATH/index.php(67): CodeIgniter\CodeIgniter->run()
CRITICAL - 2023-05-26 15:08:49 --> Undefined variable $config
in APPPATH/Controllers/Admin.php on line 36.
 1 APPPATH/Controllers/Admin.php(36): CodeIgniter\Debug\Exceptions->errorHandler()
 2 SYSTEMPATH/CodeIgniter.php(934): App\Controllers\Admin->saveMovie()
 3 SYSTEMPATH/CodeIgniter.php(499): CodeIgniter\CodeIgniter->runController()
 4 SYSTEMPATH/CodeIgniter.php(368): CodeIgniter\CodeIgniter->handleRequest()
 5 FCPATH/index.php(67): CodeIgniter\CodeIgniter->run()
CRITICAL - 2023-05-26 15:09:00 --> Undefined property: App\Controllers\Admin::$session
in APPPATH/Controllers/Admin.php on line 77.
 1 APPPATH/Controllers/Admin.php(77): CodeIgniter\Debug\Exceptions->errorHandler()
 2 SYSTEMPATH/CodeIgniter.php(934): App\Controllers\Admin->saveMovie()
 3 SYSTEMPATH/CodeIgniter.php(499): CodeIgniter\CodeIgniter->runController()
 4 SYSTEMPATH/CodeIgniter.php(368): CodeIgniter\CodeIgniter->handleRequest()
 5 FCPATH/index.php(67): CodeIgniter\CodeIgniter->run()
CRITICAL - 2023-05-26 15:17:11 --> Undefined property: CodeIgniter\View\View::$session
in APPPATH/Views/admin/addMovie.php on line 22.
 1 APPPATH/Views/admin/addMovie.php(22): CodeIgniter\Debug\Exceptions->errorHandler()
 2 SYSTEMPATH/View/View.php(213): include('/var/www/html/movie/app/Views/admin/addMovie.php')
 3 SYSTEMPATH/View/View.php(216): CodeIgniter\View\View->CodeIgniter\View\{closure}()
 4 SYSTEMPATH/Common.php(1184): CodeIgniter\View\View->render()
 5 APPPATH/Controllers/Admin.php(34): view()
 6 SYSTEMPATH/CodeIgniter.php(934): App\Controllers\Admin->addMovie()
 7 SYSTEMPATH/CodeIgniter.php(499): CodeIgniter\CodeIgniter->runController()
 8 SYSTEMPATH/CodeIgniter.php(368): CodeIgniter\CodeIgniter->handleRequest()
 9 FCPATH/index.php(67): CodeIgniter\CodeIgniter->run()
CRITICAL - 2023-05-26 15:17:50 --> Undefined property: CodeIgniter\View\View::$session
in APPPATH/Views/admin/addMovie.php on line 22.
 1 APPPATH/Views/admin/addMovie.php(22): CodeIgniter\Debug\Exceptions->errorHandler()
 2 SYSTEMPATH/View/View.php(213): include('/var/www/html/movie/app/Views/admin/addMovie.php')
 3 SYSTEMPATH/View/View.php(216): CodeIgniter\View\View->CodeIgniter\View\{closure}()
 4 SYSTEMPATH/Common.php(1184): CodeIgniter\View\View->render()
 5 APPPATH/Controllers/Admin.php(34): view()
 6 SYSTEMPATH/CodeIgniter.php(934): App\Controllers\Admin->addMovie()
 7 SYSTEMPATH/CodeIgniter.php(499): CodeIgniter\CodeIgniter->runController()
 8 SYSTEMPATH/CodeIgniter.php(368): CodeIgniter\CodeIgniter->handleRequest()
 9 FCPATH/index.php(67): CodeIgniter\CodeIgniter->run()
CRITICAL - 2023-05-26 15:18:02 --> Undefined property: CodeIgniter\View\View::$session
in APPPATH/Views/admin/addMovie.php on line 22.
 1 APPPATH/Views/admin/addMovie.php(22): CodeIgniter\Debug\Exceptions->errorHandler()
 2 SYSTEMPATH/View/View.php(213): include('/var/www/html/movie/app/Views/admin/addMovie.php')
 3 SYSTEMPATH/View/View.php(216): CodeIgniter\View\View->CodeIgniter\View\{closure}()
 4 SYSTEMPATH/Common.php(1184): CodeIgniter\View\View->render()
 5 APPPATH/Controllers/Admin.php(34): view()
 6 SYSTEMPATH/CodeIgniter.php(934): App\Controllers\Admin->addMovie()
 7 SYSTEMPATH/CodeIgniter.php(499): CodeIgniter\CodeIgniter->runController()
 8 SYSTEMPATH/CodeIgniter.php(368): CodeIgniter\CodeIgniter->handleRequest()
 9 FCPATH/index.php(67): CodeIgniter\CodeIgniter->run()
CRITICAL - 2023-05-26 15:19:26 --> Undefined property: CodeIgniter\View\View::$session
in APPPATH/Views/admin/addMovie.php on line 22.
 1 APPPATH/Views/admin/addMovie.php(22): CodeIgniter\Debug\Exceptions->errorHandler()
 2 SYSTEMPATH/View/View.php(213): include('/var/www/html/movie/app/Views/admin/addMovie.php')
 3 SYSTEMPATH/View/View.php(216): CodeIgniter\View\View->CodeIgniter\View\{closure}()
 4 SYSTEMPATH/Common.php(1184): CodeIgniter\View\View->render()
 5 APPPATH/Controllers/Admin.php(35): view()
 6 SYSTEMPATH/CodeIgniter.php(934): App\Controllers\Admin->addMovie()
 7 SYSTEMPATH/CodeIgniter.php(499): CodeIgniter\CodeIgniter->runController()
 8 SYSTEMPATH/CodeIgniter.php(368): CodeIgniter\CodeIgniter->handleRequest()
 9 FCPATH/index.php(67): CodeIgniter\CodeIgniter->run()
CRITICAL - 2023-05-26 15:19:46 --> Undefined property: CodeIgniter\View\View::$session
in APPPATH/Views/admin/addMovie.php on line 22.
 1 APPPATH/Views/admin/addMovie.php(22): CodeIgniter\Debug\Exceptions->errorHandler()
 2 SYSTEMPATH/View/View.php(213): include('/var/www/html/movie/app/Views/admin/addMovie.php')
 3 SYSTEMPATH/View/View.php(216): CodeIgniter\View\View->CodeIgniter\View\{closure}()
 4 SYSTEMPATH/Common.php(1184): CodeIgniter\View\View->render()
 5 APPPATH/Controllers/Admin.php(35): view()
 6 SYSTEMPATH/CodeIgniter.php(934): App\Controllers\Admin->addMovie()
 7 SYSTEMPATH/CodeIgniter.php(499): CodeIgniter\CodeIgniter->runController()
 8 SYSTEMPATH/CodeIgniter.php(368): CodeIgniter\CodeIgniter->handleRequest()
 9 FCPATH/index.php(67): CodeIgniter\CodeIgniter->run()
CRITICAL - 2023-05-26 15:48:54 --> implode(): Argument #1 ($pieces) must be of type array, string given
in APPPATH/Controllers/Admin.php on line 51.
 1 APPPATH/Controllers/Admin.php(51): implode()
 2 SYSTEMPATH/CodeIgniter.php(934): App\Controllers\Admin->saveMovie()
 3 SYSTEMPATH/CodeIgniter.php(499): CodeIgniter\CodeIgniter->runController()
 4 SYSTEMPATH/CodeIgniter.php(368): CodeIgniter\CodeIgniter->handleRequest()
 5 FCPATH/index.php(67): CodeIgniter\CodeIgniter->run()
ERROR - 2023-05-26 15:49:26 --> mysqli_sql_exception: Column 'genre' cannot be null in /var/www/html/movie/system/Database/MySQLi/Connection.php:295
Stack trace:
#0 /var/www/html/movie/system/Database/MySQLi/Connection.php(295): mysqli->query()
#1 /var/www/html/movie/system/Database/BaseConnection.php(692): CodeIgniter\Database\MySQLi\Connection->execute()
#2 /var/www/html/movie/system/Database/BaseConnection.php(606): CodeIgniter\Database\BaseConnection->simpleQuery()
#3 /var/www/html/movie/system/Database/BaseBuilder.php(2309): CodeIgniter\Database\BaseConnection->query()
#4 /var/www/html/movie/system/Model.php(330): CodeIgniter\Database\BaseBuilder->insert()
#5 /var/www/html/movie/system/BaseModel.php(782): CodeIgniter\Model->doInsert()
#6 /var/www/html/movie/system/Model.php(730): CodeIgniter\BaseModel->insert()
#7 /var/www/html/movie/app/Controllers/Admin.php(65): CodeIgniter\Model->insert()
#8 /var/www/html/movie/system/CodeIgniter.php(934): App\Controllers\Admin->saveMovie()
#9 /var/www/html/movie/system/CodeIgniter.php(499): CodeIgniter\CodeIgniter->runController()
#10 /var/www/html/movie/system/CodeIgniter.php(368): CodeIgniter\CodeIgniter->handleRequest()
#11 /var/www/html/movie/public/index.php(67): CodeIgniter\CodeIgniter->run()
#12 {main}
CRITICAL - 2023-05-26 15:49:26 --> Column 'genre' cannot be null
in SYSTEMPATH/Database/MySQLi/Connection.php on line 295.
 1 SYSTEMPATH/Database/MySQLi/Connection.php(295): mysqli->query()
 2 SYSTEMPATH/Database/BaseConnection.php(692): CodeIgniter\Database\MySQLi\Connection->execute()
 3 SYSTEMPATH/Database/BaseConnection.php(606): CodeIgniter\Database\BaseConnection->simpleQuery()
 4 SYSTEMPATH/Database/BaseBuilder.php(2309): CodeIgniter\Database\BaseConnection->query()
 5 SYSTEMPATH/Model.php(330): CodeIgniter\Database\BaseBuilder->insert()
 6 SYSTEMPATH/BaseModel.php(782): CodeIgniter\Model->doInsert()
 7 SYSTEMPATH/Model.php(730): CodeIgniter\BaseModel->insert()
 8 APPPATH/Controllers/Admin.php(65): CodeIgniter\Model->insert()
 9 SYSTEMPATH/CodeIgniter.php(934): App\Controllers\Admin->saveMovie()
10 SYSTEMPATH/CodeIgniter.php(499): CodeIgniter\CodeIgniter->runController()
11 SYSTEMPATH/CodeIgniter.php(368): CodeIgniter\CodeIgniter->handleRequest()
12 FCPATH/index.php(67): CodeIgniter\CodeIgniter->run()
CRITICAL - 2023-05-26 15:51:06 --> implode(): Argument #2 ($array) must be of type ?array, string given
in APPPATH/Controllers/Admin.php on line 51.
 1 APPPATH/Controllers/Admin.php(51): implode()
 2 SYSTEMPATH/CodeIgniter.php(934): App\Controllers\Admin->saveMovie()
 3 SYSTEMPATH/CodeIgniter.php(499): CodeIgniter\CodeIgniter->runController()
 4 SYSTEMPATH/CodeIgniter.php(368): CodeIgniter\CodeIgniter->handleRequest()
 5 FCPATH/index.php(67): CodeIgniter\CodeIgniter->run()
CRITICAL - 2023-05-26 15:51:23 --> implode(): Argument #2 ($array) must be of type ?array, string given
in APPPATH/Controllers/Admin.php on line 51.
 1 APPPATH/Controllers/Admin.php(51): implode()
 2 SYSTEMPATH/CodeIgniter.php(934): App\Controllers\Admin->saveMovie()
 3 SYSTEMPATH/CodeIgniter.php(499): CodeIgniter\CodeIgniter->runController()
 4 SYSTEMPATH/CodeIgniter.php(368): CodeIgniter\CodeIgniter->handleRequest()
 5 FCPATH/index.php(67): CodeIgniter\CodeIgniter->run()
ERROR - 2023-05-26 15:51:37 --> mysqli_sql_exception: Field 'quality' doesn't have a default value in /var/www/html/movie/system/Database/MySQLi/Connection.php:295
Stack trace:
#0 /var/www/html/movie/system/Database/MySQLi/Connection.php(295): mysqli->query()
#1 /var/www/html/movie/system/Database/BaseConnection.php(692): CodeIgniter\Database\MySQLi\Connection->execute()
#2 /var/www/html/movie/system/Database/BaseConnection.php(606): CodeIgniter\Database\BaseConnection->simpleQuery()
#3 /var/www/html/movie/system/Database/BaseBuilder.php(2309): CodeIgniter\Database\BaseConnection->query()
#4 /var/www/html/movie/system/Model.php(330): CodeIgniter\Database\BaseBuilder->insert()
#5 /var/www/html/movie/system/BaseModel.php(782): CodeIgniter\Model->doInsert()
#6 /var/www/html/movie/system/Model.php(730): CodeIgniter\BaseModel->insert()
#7 /var/www/html/movie/app/Controllers/Admin.php(65): CodeIgniter\Model->insert()
#8 /var/www/html/movie/system/CodeIgniter.php(934): App\Controllers\Admin->saveMovie()
#9 /var/www/html/movie/system/CodeIgniter.php(499): CodeIgniter\CodeIgniter->runController()
#10 /var/www/html/movie/system/CodeIgniter.php(368): CodeIgniter\CodeIgniter->handleRequest()
#11 /var/www/html/movie/public/index.php(67): CodeIgniter\CodeIgniter->run()
#12 {main}
CRITICAL - 2023-05-26 15:51:37 --> Field 'quality' doesn't have a default value
in SYSTEMPATH/Database/MySQLi/Connection.php on line 295.
 1 SYSTEMPATH/Database/MySQLi/Connection.php(295): mysqli->query()
 2 SYSTEMPATH/Database/BaseConnection.php(692): CodeIgniter\Database\MySQLi\Connection->execute()
 3 SYSTEMPATH/Database/BaseConnection.php(606): CodeIgniter\Database\BaseConnection->simpleQuery()
 4 SYSTEMPATH/Database/BaseBuilder.php(2309): CodeIgniter\Database\BaseConnection->query()
 5 SYSTEMPATH/Model.php(330): CodeIgniter\Database\BaseBuilder->insert()
 6 SYSTEMPATH/BaseModel.php(782): CodeIgniter\Model->doInsert()
 7 SYSTEMPATH/Model.php(730): CodeIgniter\BaseModel->insert()
 8 APPPATH/Controllers/Admin.php(65): CodeIgniter\Model->insert()
 9 SYSTEMPATH/CodeIgniter.php(934): App\Controllers\Admin->saveMovie()
10 SYSTEMPATH/CodeIgniter.php(499): CodeIgniter\CodeIgniter->runController()
11 SYSTEMPATH/CodeIgniter.php(368): CodeIgniter\CodeIgniter->handleRequest()
12 FCPATH/index.php(67): CodeIgniter\CodeIgniter->run()
ERROR - 2023-05-26 15:52:03 --> mysqli_sql_exception: Field 'quality' doesn't have a default value in /var/www/html/movie/system/Database/MySQLi/Connection.php:295
Stack trace:
#0 /var/www/html/movie/system/Database/MySQLi/Connection.php(295): mysqli->query()
#1 /var/www/html/movie/system/Database/BaseConnection.php(692): CodeIgniter\Database\MySQLi\Connection->execute()
#2 /var/www/html/movie/system/Database/BaseConnection.php(606): CodeIgniter\Database\BaseConnection->simpleQuery()
#3 /var/www/html/movie/system/Database/BaseBuilder.php(2309): CodeIgniter\Database\BaseConnection->query()
#4 /var/www/html/movie/system/Model.php(330): CodeIgniter\Database\BaseBuilder->insert()
#5 /var/www/html/movie/system/BaseModel.php(782): CodeIgniter\Model->doInsert()
#6 /var/www/html/movie/system/Model.php(730): CodeIgniter\BaseModel->insert()
#7 /var/www/html/movie/app/Controllers/Admin.php(66): CodeIgniter\Model->insert()
#8 /var/www/html/movie/system/CodeIgniter.php(934): App\Controllers\Admin->saveMovie()
#9 /var/www/html/movie/system/CodeIgniter.php(499): CodeIgniter\CodeIgniter->runController()
#10 /var/www/html/movie/system/CodeIgniter.php(368): CodeIgniter\CodeIgniter->handleRequest()
#11 /var/www/html/movie/public/index.php(67): CodeIgniter\CodeIgniter->run()
#12 {main}
CRITICAL - 2023-05-26 15:52:03 --> Field 'quality' doesn't have a default value
in SYSTEMPATH/Database/MySQLi/Connection.php on line 295.
 1 SYSTEMPATH/Database/MySQLi/Connection.php(295): mysqli->query()
 2 SYSTEMPATH/Database/BaseConnection.php(692): CodeIgniter\Database\MySQLi\Connection->execute()
 3 SYSTEMPATH/Database/BaseConnection.php(606): CodeIgniter\Database\BaseConnection->simpleQuery()
 4 SYSTEMPATH/Database/BaseBuilder.php(2309): CodeIgniter\Database\BaseConnection->query()
 5 SYSTEMPATH/Model.php(330): CodeIgniter\Database\BaseBuilder->insert()
 6 SYSTEMPATH/BaseModel.php(782): CodeIgniter\Model->doInsert()
 7 SYSTEMPATH/Model.php(730): CodeIgniter\BaseModel->insert()
 8 APPPATH/Controllers/Admin.php(66): CodeIgniter\Model->insert()
 9 SYSTEMPATH/CodeIgniter.php(934): App\Controllers\Admin->saveMovie()
10 SYSTEMPATH/CodeIgniter.php(499): CodeIgniter\CodeIgniter->runController()
11 SYSTEMPATH/CodeIgniter.php(368): CodeIgniter\CodeIgniter->handleRequest()
12 FCPATH/index.php(67): CodeIgniter\CodeIgniter->run()
ERROR - 2023-05-26 15:52:08 --> mysqli_sql_exception: Field 'quality' doesn't have a default value in /var/www/html/movie/system/Database/MySQLi/Connection.php:295
Stack trace:
#0 /var/www/html/movie/system/Database/MySQLi/Connection.php(295): mysqli->query()
#1 /var/www/html/movie/system/Database/BaseConnection.php(692): CodeIgniter\Database\MySQLi\Connection->execute()
#2 /var/www/html/movie/system/Database/BaseConnection.php(606): CodeIgniter\Database\BaseConnection->simpleQuery()
#3 /var/www/html/movie/system/Database/BaseBuilder.php(2309): CodeIgniter\Database\BaseConnection->query()
#4 /var/www/html/movie/system/Model.php(330): CodeIgniter\Database\BaseBuilder->insert()
#5 /var/www/html/movie/system/BaseModel.php(782): CodeIgniter\Model->doInsert()
#6 /var/www/html/movie/system/Model.php(730): CodeIgniter\BaseModel->insert()
#7 /var/www/html/movie/app/Controllers/Admin.php(66): CodeIgniter\Model->insert()
#8 /var/www/html/movie/system/CodeIgniter.php(934): App\Controllers\Admin->saveMovie()
#9 /var/www/html/movie/system/CodeIgniter.php(499): CodeIgniter\CodeIgniter->runController()
#10 /var/www/html/movie/system/CodeIgniter.php(368): CodeIgniter\CodeIgniter->handleRequest()
#11 /var/www/html/movie/public/index.php(67): CodeIgniter\CodeIgniter->run()
#12 {main}
CRITICAL - 2023-05-26 15:52:08 --> Field 'quality' doesn't have a default value
in SYSTEMPATH/Database/MySQLi/Connection.php on line 295.
 1 SYSTEMPATH/Database/MySQLi/Connection.php(295): mysqli->query()
 2 SYSTEMPATH/Database/BaseConnection.php(692): CodeIgniter\Database\MySQLi\Connection->execute()
 3 SYSTEMPATH/Database/BaseConnection.php(606): CodeIgniter\Database\BaseConnection->simpleQuery()
 4 SYSTEMPATH/Database/BaseBuilder.php(2309): CodeIgniter\Database\BaseConnection->query()
 5 SYSTEMPATH/Model.php(330): CodeIgniter\Database\BaseBuilder->insert()
 6 SYSTEMPATH/BaseModel.php(782): CodeIgniter\Model->doInsert()
 7 SYSTEMPATH/Model.php(730): CodeIgniter\BaseModel->insert()
 8 APPPATH/Controllers/Admin.php(66): CodeIgniter\Model->insert()
 9 SYSTEMPATH/CodeIgniter.php(934): App\Controllers\Admin->saveMovie()
10 SYSTEMPATH/CodeIgniter.php(499): CodeIgniter\CodeIgniter->runController()
11 SYSTEMPATH/CodeIgniter.php(368): CodeIgniter\CodeIgniter->handleRequest()
12 FCPATH/index.php(67): CodeIgniter\CodeIgniter->run()
ERROR - 2023-05-26 15:53:08 --> mysqli_sql_exception: Field 'quality' doesn't have a default value in /var/www/html/movie/system/Database/MySQLi/Connection.php:295
Stack trace:
#0 /var/www/html/movie/system/Database/MySQLi/Connection.php(295): mysqli->query()
#1 /var/www/html/movie/system/Database/BaseConnection.php(692): CodeIgniter\Database\MySQLi\Connection->execute()
#2 /var/www/html/movie/system/Database/BaseConnection.php(606): CodeIgniter\Database\BaseConnection->simpleQuery()
#3 /var/www/html/movie/system/Database/BaseBuilder.php(2309): CodeIgniter\Database\BaseConnection->query()
#4 /var/www/html/movie/system/Model.php(330): CodeIgniter\Database\BaseBuilder->insert()
#5 /var/www/html/movie/system/BaseModel.php(782): CodeIgniter\Model->doInsert()
#6 /var/www/html/movie/system/Model.php(730): CodeIgniter\BaseModel->insert()
#7 /var/www/html/movie/app/Controllers/Admin.php(66): CodeIgniter\Model->insert()
#8 /var/www/html/movie/system/CodeIgniter.php(934): App\Controllers\Admin->saveMovie()
#9 /var/www/html/movie/system/CodeIgniter.php(499): CodeIgniter\CodeIgniter->runController()
#10 /var/www/html/movie/system/CodeIgniter.php(368): CodeIgniter\CodeIgniter->handleRequest()
#11 /var/www/html/movie/public/index.php(67): CodeIgniter\CodeIgniter->run()
#12 {main}
CRITICAL - 2023-05-26 15:53:08 --> Field 'quality' doesn't have a default value
in SYSTEMPATH/Database/MySQLi/Connection.php on line 295.
 1 SYSTEMPATH/Database/MySQLi/Connection.php(295): mysqli->query()
 2 SYSTEMPATH/Database/BaseConnection.php(692): CodeIgniter\Database\MySQLi\Connection->execute()
 3 SYSTEMPATH/Database/BaseConnection.php(606): CodeIgniter\Database\BaseConnection->simpleQuery()
 4 SYSTEMPATH/Database/BaseBuilder.php(2309): CodeIgniter\Database\BaseConnection->query()
 5 SYSTEMPATH/Model.php(330): CodeIgniter\Database\BaseBuilder->insert()
 6 SYSTEMPATH/BaseModel.php(782): CodeIgniter\Model->doInsert()
 7 SYSTEMPATH/Model.php(730): CodeIgniter\BaseModel->insert()
 8 APPPATH/Controllers/Admin.php(66): CodeIgniter\Model->insert()
 9 SYSTEMPATH/CodeIgniter.php(934): App\Controllers\Admin->saveMovie()
10 SYSTEMPATH/CodeIgniter.php(499): CodeIgniter\CodeIgniter->runController()
11 SYSTEMPATH/CodeIgniter.php(368): CodeIgniter\CodeIgniter->handleRequest()
12 FCPATH/index.php(67): CodeIgniter\CodeIgniter->run()
ERROR - 2023-05-26 15:54:01 --> mysqli_sql_exception: Field 'quality' doesn't have a default value in /var/www/html/movie/system/Database/MySQLi/Connection.php:295
Stack trace:
#0 /var/www/html/movie/system/Database/MySQLi/Connection.php(295): mysqli->query()
#1 /var/www/html/movie/system/Database/BaseConnection.php(692): CodeIgniter\Database\MySQLi\Connection->execute()
#2 /var/www/html/movie/system/Database/BaseConnection.php(606): CodeIgniter\Database\BaseConnection->simpleQuery()
#3 /var/www/html/movie/system/Database/BaseBuilder.php(2309): CodeIgniter\Database\BaseConnection->query()
#4 /var/www/html/movie/system/Model.php(330): CodeIgniter\Database\BaseBuilder->insert()
#5 /var/www/html/movie/system/BaseModel.php(782): CodeIgniter\Model->doInsert()
#6 /var/www/html/movie/system/Model.php(730): CodeIgniter\BaseModel->insert()
#7 /var/www/html/movie/app/Controllers/Admin.php(66): CodeIgniter\Model->insert()
#8 /var/www/html/movie/system/CodeIgniter.php(934): App\Controllers\Admin->saveMovie()
#9 /var/www/html/movie/system/CodeIgniter.php(499): CodeIgniter\CodeIgniter->runController()
#10 /var/www/html/movie/system/CodeIgniter.php(368): CodeIgniter\CodeIgniter->handleRequest()
#11 /var/www/html/movie/public/index.php(67): CodeIgniter\CodeIgniter->run()
#12 {main}
CRITICAL - 2023-05-26 15:54:01 --> Field 'quality' doesn't have a default value
in SYSTEMPATH/Database/MySQLi/Connection.php on line 295.
 1 SYSTEMPATH/Database/MySQLi/Connection.php(295): mysqli->query()
 2 SYSTEMPATH/Database/BaseConnection.php(692): CodeIgniter\Database\MySQLi\Connection->execute()
 3 SYSTEMPATH/Database/BaseConnection.php(606): CodeIgniter\Database\BaseConnection->simpleQuery()
 4 SYSTEMPATH/Database/BaseBuilder.php(2309): CodeIgniter\Database\BaseConnection->query()
 5 SYSTEMPATH/Model.php(330): CodeIgniter\Database\BaseBuilder->insert()
 6 SYSTEMPATH/BaseModel.php(782): CodeIgniter\Model->doInsert()
 7 SYSTEMPATH/Model.php(730): CodeIgniter\BaseModel->insert()
 8 APPPATH/Controllers/Admin.php(66): CodeIgniter\Model->insert()
 9 SYSTEMPATH/CodeIgniter.php(934): App\Controllers\Admin->saveMovie()
10 SYSTEMPATH/CodeIgniter.php(499): CodeIgniter\CodeIgniter->runController()
11 SYSTEMPATH/CodeIgniter.php(368): CodeIgniter\CodeIgniter->handleRequest()
12 FCPATH/index.php(67): CodeIgniter\CodeIgniter->run()
ERROR - 2023-05-26 15:54:51 --> mysqli_sql_exception: Field 'quality' doesn't have a default value in /var/www/html/movie/system/Database/MySQLi/Connection.php:295
Stack trace:
#0 /var/www/html/movie/system/Database/MySQLi/Connection.php(295): mysqli->query()
#1 /var/www/html/movie/system/Database/BaseConnection.php(692): CodeIgniter\Database\MySQLi\Connection->execute()
#2 /var/www/html/movie/system/Database/BaseConnection.php(606): CodeIgniter\Database\BaseConnection->simpleQuery()
#3 /var/www/html/movie/system/Database/BaseBuilder.php(2309): CodeIgniter\Database\BaseConnection->query()
#4 /var/www/html/movie/system/Model.php(330): CodeIgniter\Database\BaseBuilder->insert()
#5 /var/www/html/movie/system/BaseModel.php(782): CodeIgniter\Model->doInsert()
#6 /var/www/html/movie/system/Model.php(730): CodeIgniter\BaseModel->insert()
#7 /var/www/html/movie/app/Controllers/Admin.php(66): CodeIgniter\Model->insert()
#8 /var/www/html/movie/system/CodeIgniter.php(934): App\Controllers\Admin->saveMovie()
#9 /var/www/html/movie/system/CodeIgniter.php(499): CodeIgniter\CodeIgniter->runController()
#10 /var/www/html/movie/system/CodeIgniter.php(368): CodeIgniter\CodeIgniter->handleRequest()
#11 /var/www/html/movie/public/index.php(67): CodeIgniter\CodeIgniter->run()
#12 {main}
CRITICAL - 2023-05-26 15:54:51 --> Field 'quality' doesn't have a default value
in SYSTEMPATH/Database/MySQLi/Connection.php on line 295.
 1 SYSTEMPATH/Database/MySQLi/Connection.php(295): mysqli->query()
 2 SYSTEMPATH/Database/BaseConnection.php(692): CodeIgniter\Database\MySQLi\Connection->execute()
 3 SYSTEMPATH/Database/BaseConnection.php(606): CodeIgniter\Database\BaseConnection->simpleQuery()
 4 SYSTEMPATH/Database/BaseBuilder.php(2309): CodeIgniter\Database\BaseConnection->query()
 5 SYSTEMPATH/Model.php(330): CodeIgniter\Database\BaseBuilder->insert()
 6 SYSTEMPATH/BaseModel.php(782): CodeIgniter\Model->doInsert()
 7 SYSTEMPATH/Model.php(730): CodeIgniter\BaseModel->insert()
 8 APPPATH/Controllers/Admin.php(66): CodeIgniter\Model->insert()
 9 SYSTEMPATH/CodeIgniter.php(934): App\Controllers\Admin->saveMovie()
10 SYSTEMPATH/CodeIgniter.php(499): CodeIgniter\CodeIgniter->runController()
11 SYSTEMPATH/CodeIgniter.php(368): CodeIgniter\CodeIgniter->handleRequest()
12 FCPATH/index.php(67): CodeIgniter\CodeIgniter->run()
ERROR - 2023-05-26 15:55:32 --> mysqli_sql_exception: Field 'quality' doesn't have a default value in /var/www/html/movie/system/Database/MySQLi/Connection.php:295
Stack trace:
#0 /var/www/html/movie/system/Database/MySQLi/Connection.php(295): mysqli->query()
#1 /var/www/html/movie/system/Database/BaseConnection.php(692): CodeIgniter\Database\MySQLi\Connection->execute()
#2 /var/www/html/movie/system/Database/BaseConnection.php(606): CodeIgniter\Database\BaseConnection->simpleQuery()
#3 /var/www/html/movie/system/Database/BaseBuilder.php(2309): CodeIgniter\Database\BaseConnection->query()
#4 /var/www/html/movie/system/Model.php(330): CodeIgniter\Database\BaseBuilder->insert()
#5 /var/www/html/movie/system/BaseModel.php(782): CodeIgniter\Model->doInsert()
#6 /var/www/html/movie/system/Model.php(730): CodeIgniter\BaseModel->insert()
#7 /var/www/html/movie/app/Controllers/Admin.php(66): CodeIgniter\Model->insert()
#8 /var/www/html/movie/system/CodeIgniter.php(934): App\Controllers\Admin->saveMovie()
#9 /var/www/html/movie/system/CodeIgniter.php(499): CodeIgniter\CodeIgniter->runController()
#10 /var/www/html/movie/system/CodeIgniter.php(368): CodeIgniter\CodeIgniter->handleRequest()
#11 /var/www/html/movie/public/index.php(67): CodeIgniter\CodeIgniter->run()
#12 {main}
CRITICAL - 2023-05-26 15:55:32 --> Field 'quality' doesn't have a default value
in SYSTEMPATH/Database/MySQLi/Connection.php on line 295.
 1 SYSTEMPATH/Database/MySQLi/Connection.php(295): mysqli->query()
 2 SYSTEMPATH/Database/BaseConnection.php(692): CodeIgniter\Database\MySQLi\Connection->execute()
 3 SYSTEMPATH/Database/BaseConnection.php(606): CodeIgniter\Database\BaseConnection->simpleQuery()
 4 SYSTEMPATH/Database/BaseBuilder.php(2309): CodeIgniter\Database\BaseConnection->query()
 5 SYSTEMPATH/Model.php(330): CodeIgniter\Database\BaseBuilder->insert()
 6 SYSTEMPATH/BaseModel.php(782): CodeIgniter\Model->doInsert()
 7 SYSTEMPATH/Model.php(730): CodeIgniter\BaseModel->insert()
 8 APPPATH/Controllers/Admin.php(66): CodeIgniter\Model->insert()
 9 SYSTEMPATH/CodeIgniter.php(934): App\Controllers\Admin->saveMovie()
10 SYSTEMPATH/CodeIgniter.php(499): CodeIgniter\CodeIgniter->runController()
11 SYSTEMPATH/CodeIgniter.php(368): CodeIgniter\CodeIgniter->handleRequest()
12 FCPATH/index.php(67): CodeIgniter\CodeIgniter->run()
ERROR - 2023-05-26 15:56:59 --> mysqli_sql_exception: Field 'quality' doesn't have a default value in /var/www/html/movie/system/Database/MySQLi/Connection.php:295
Stack trace:
#0 /var/www/html/movie/system/Database/MySQLi/Connection.php(295): mysqli->query()
#1 /var/www/html/movie/system/Database/BaseConnection.php(692): CodeIgniter\Database\MySQLi\Connection->execute()
#2 /var/www/html/movie/system/Database/BaseConnection.php(606): CodeIgniter\Database\BaseConnection->simpleQuery()
#3 /var/www/html/movie/system/Database/BaseBuilder.php(2309): CodeIgniter\Database\BaseConnection->query()
#4 /var/www/html/movie/system/Model.php(330): CodeIgniter\Database\BaseBuilder->insert()
#5 /var/www/html/movie/system/BaseModel.php(782): CodeIgniter\Model->doInsert()
#6 /var/www/html/movie/system/Model.php(730): CodeIgniter\BaseModel->insert()
#7 /var/www/html/movie/app/Controllers/Admin.php(66): CodeIgniter\Model->insert()
#8 /var/www/html/movie/system/CodeIgniter.php(934): App\Controllers\Admin->saveMovie()
#9 /var/www/html/movie/system/CodeIgniter.php(499): CodeIgniter\CodeIgniter->runController()
#10 /var/www/html/movie/system/CodeIgniter.php(368): CodeIgniter\CodeIgniter->handleRequest()
#11 /var/www/html/movie/public/index.php(67): CodeIgniter\CodeIgniter->run()
#12 {main}
CRITICAL - 2023-05-26 15:56:59 --> Field 'quality' doesn't have a default value
in SYSTEMPATH/Database/MySQLi/Connection.php on line 295.
 1 SYSTEMPATH/Database/MySQLi/Connection.php(295): mysqli->query()
 2 SYSTEMPATH/Database/BaseConnection.php(692): CodeIgniter\Database\MySQLi\Connection->execute()
 3 SYSTEMPATH/Database/BaseConnection.php(606): CodeIgniter\Database\BaseConnection->simpleQuery()
 4 SYSTEMPATH/Database/BaseBuilder.php(2309): CodeIgniter\Database\BaseConnection->query()
 5 SYSTEMPATH/Model.php(330): CodeIgniter\Database\BaseBuilder->insert()
 6 SYSTEMPATH/BaseModel.php(782): CodeIgniter\Model->doInsert()
 7 SYSTEMPATH/Model.php(730): CodeIgniter\BaseModel->insert()
 8 APPPATH/Controllers/Admin.php(66): CodeIgniter\Model->insert()
 9 SYSTEMPATH/CodeIgniter.php(934): App\Controllers\Admin->saveMovie()
10 SYSTEMPATH/CodeIgniter.php(499): CodeIgniter\CodeIgniter->runController()
11 SYSTEMPATH/CodeIgniter.php(368): CodeIgniter\CodeIgniter->handleRequest()
12 FCPATH/index.php(67): CodeIgniter\CodeIgniter->run()
ERROR - 2023-05-26 15:58:15 --> mysqli_sql_exception: Field 'country' doesn't have a default value in /var/www/html/movie/system/Database/MySQLi/Connection.php:295
Stack trace:
#0 /var/www/html/movie/system/Database/MySQLi/Connection.php(295): mysqli->query()
#1 /var/www/html/movie/system/Database/BaseConnection.php(692): CodeIgniter\Database\MySQLi\Connection->execute()
#2 /var/www/html/movie/system/Database/BaseConnection.php(606): CodeIgniter\Database\BaseConnection->simpleQuery()
#3 /var/www/html/movie/system/Database/BaseBuilder.php(2309): CodeIgniter\Database\BaseConnection->query()
#4 /var/www/html/movie/system/Model.php(330): CodeIgniter\Database\BaseBuilder->insert()
#5 /var/www/html/movie/system/BaseModel.php(782): CodeIgniter\Model->doInsert()
#6 /var/www/html/movie/system/Model.php(730): CodeIgniter\BaseModel->insert()
#7 /var/www/html/movie/app/Controllers/Admin.php(66): CodeIgniter\Model->insert()
#8 /var/www/html/movie/system/CodeIgniter.php(934): App\Controllers\Admin->saveMovie()
#9 /var/www/html/movie/system/CodeIgniter.php(499): CodeIgniter\CodeIgniter->runController()
#10 /var/www/html/movie/system/CodeIgniter.php(368): CodeIgniter\CodeIgniter->handleRequest()
#11 /var/www/html/movie/public/index.php(67): CodeIgniter\CodeIgniter->run()
#12 {main}
CRITICAL - 2023-05-26 15:58:15 --> Field 'country' doesn't have a default value
in SYSTEMPATH/Database/MySQLi/Connection.php on line 295.
 1 SYSTEMPATH/Database/MySQLi/Connection.php(295): mysqli->query()
 2 SYSTEMPATH/Database/BaseConnection.php(692): CodeIgniter\Database\MySQLi\Connection->execute()
 3 SYSTEMPATH/Database/BaseConnection.php(606): CodeIgniter\Database\BaseConnection->simpleQuery()
 4 SYSTEMPATH/Database/BaseBuilder.php(2309): CodeIgniter\Database\BaseConnection->query()
 5 SYSTEMPATH/Model.php(330): CodeIgniter\Database\BaseBuilder->insert()
 6 SYSTEMPATH/BaseModel.php(782): CodeIgniter\Model->doInsert()
 7 SYSTEMPATH/Model.php(730): CodeIgniter\BaseModel->insert()
 8 APPPATH/Controllers/Admin.php(66): CodeIgniter\Model->insert()
 9 SYSTEMPATH/CodeIgniter.php(934): App\Controllers\Admin->saveMovie()
10 SYSTEMPATH/CodeIgniter.php(499): CodeIgniter\CodeIgniter->runController()
11 SYSTEMPATH/CodeIgniter.php(368): CodeIgniter\CodeIgniter->handleRequest()
12 FCPATH/index.php(67): CodeIgniter\CodeIgniter->run()
ERROR - 2023-05-26 15:59:15 --> mysqli_sql_exception: Field 'country' doesn't have a default value in /var/www/html/movie/system/Database/MySQLi/Connection.php:295
Stack trace:
#0 /var/www/html/movie/system/Database/MySQLi/Connection.php(295): mysqli->query()
#1 /var/www/html/movie/system/Database/BaseConnection.php(692): CodeIgniter\Database\MySQLi\Connection->execute()
#2 /var/www/html/movie/system/Database/BaseConnection.php(606): CodeIgniter\Database\BaseConnection->simpleQuery()
#3 /var/www/html/movie/system/Database/BaseBuilder.php(2309): CodeIgniter\Database\BaseConnection->query()
#4 /var/www/html/movie/system/Model.php(330): CodeIgniter\Database\BaseBuilder->insert()
#5 /var/www/html/movie/system/BaseModel.php(782): CodeIgniter\Model->doInsert()
#6 /var/www/html/movie/system/Model.php(730): CodeIgniter\BaseModel->insert()
#7 /var/www/html/movie/app/Controllers/Admin.php(66): CodeIgniter\Model->insert()
#8 /var/www/html/movie/system/CodeIgniter.php(934): App\Controllers\Admin->saveMovie()
#9 /var/www/html/movie/system/CodeIgniter.php(499): CodeIgniter\CodeIgniter->runController()
#10 /var/www/html/movie/system/CodeIgniter.php(368): CodeIgniter\CodeIgniter->handleRequest()
#11 /var/www/html/movie/public/index.php(67): CodeIgniter\CodeIgniter->run()
#12 {main}
CRITICAL - 2023-05-26 15:59:15 --> Field 'country' doesn't have a default value
in SYSTEMPATH/Database/MySQLi/Connection.php on line 295.
 1 SYSTEMPATH/Database/MySQLi/Connection.php(295): mysqli->query()
 2 SYSTEMPATH/Database/BaseConnection.php(692): CodeIgniter\Database\MySQLi\Connection->execute()
 3 SYSTEMPATH/Database/BaseConnection.php(606): CodeIgniter\Database\BaseConnection->simpleQuery()
 4 SYSTEMPATH/Database/BaseBuilder.php(2309): CodeIgniter\Database\BaseConnection->query()
 5 SYSTEMPATH/Model.php(330): CodeIgniter\Database\BaseBuilder->insert()
 6 SYSTEMPATH/BaseModel.php(782): CodeIgniter\Model->doInsert()
 7 SYSTEMPATH/Model.php(730): CodeIgniter\BaseModel->insert()
 8 APPPATH/Controllers/Admin.php(66): CodeIgniter\Model->insert()
 9 SYSTEMPATH/CodeIgniter.php(934): App\Controllers\Admin->saveMovie()
10 SYSTEMPATH/CodeIgniter.php(499): CodeIgniter\CodeIgniter->runController()
11 SYSTEMPATH/CodeIgniter.php(368): CodeIgniter\CodeIgniter->handleRequest()
12 FCPATH/index.php(67): CodeIgniter\CodeIgniter->run()
ERROR - 2023-05-26 16:01:08 --> mysqli_sql_exception: Field 'country' doesn't have a default value in /var/www/html/movie/system/Database/MySQLi/Connection.php:295
Stack trace:
#0 /var/www/html/movie/system/Database/MySQLi/Connection.php(295): mysqli->query()
#1 /var/www/html/movie/system/Database/BaseConnection.php(692): CodeIgniter\Database\MySQLi\Connection->execute()
#2 /var/www/html/movie/system/Database/BaseConnection.php(606): CodeIgniter\Database\BaseConnection->simpleQuery()
#3 /var/www/html/movie/system/Database/BaseBuilder.php(2309): CodeIgniter\Database\BaseConnection->query()
#4 /var/www/html/movie/system/Model.php(330): CodeIgniter\Database\BaseBuilder->insert()
#5 /var/www/html/movie/system/BaseModel.php(782): CodeIgniter\Model->doInsert()
#6 /var/www/html/movie/system/Model.php(730): CodeIgniter\BaseModel->insert()
#7 /var/www/html/movie/app/Controllers/Admin.php(66): CodeIgniter\Model->insert()
#8 /var/www/html/movie/system/CodeIgniter.php(934): App\Controllers\Admin->saveMovie()
#9 /var/www/html/movie/system/CodeIgniter.php(499): CodeIgniter\CodeIgniter->runController()
#10 /var/www/html/movie/system/CodeIgniter.php(368): CodeIgniter\CodeIgniter->handleRequest()
#11 /var/www/html/movie/public/index.php(67): CodeIgniter\CodeIgniter->run()
#12 {main}
CRITICAL - 2023-05-26 16:01:08 --> Field 'country' doesn't have a default value
in SYSTEMPATH/Database/MySQLi/Connection.php on line 295.
 1 SYSTEMPATH/Database/MySQLi/Connection.php(295): mysqli->query()
 2 SYSTEMPATH/Database/BaseConnection.php(692): CodeIgniter\Database\MySQLi\Connection->execute()
 3 SYSTEMPATH/Database/BaseConnection.php(606): CodeIgniter\Database\BaseConnection->simpleQuery()
 4 SYSTEMPATH/Database/BaseBuilder.php(2309): CodeIgniter\Database\BaseConnection->query()
 5 SYSTEMPATH/Model.php(330): CodeIgniter\Database\BaseBuilder->insert()
 6 SYSTEMPATH/BaseModel.php(782): CodeIgniter\Model->doInsert()
 7 SYSTEMPATH/Model.php(730): CodeIgniter\BaseModel->insert()
 8 APPPATH/Controllers/Admin.php(66): CodeIgniter\Model->insert()
 9 SYSTEMPATH/CodeIgniter.php(934): App\Controllers\Admin->saveMovie()
10 SYSTEMPATH/CodeIgniter.php(499): CodeIgniter\CodeIgniter->runController()
11 SYSTEMPATH/CodeIgniter.php(368): CodeIgniter\CodeIgniter->handleRequest()
12 FCPATH/index.php(67): CodeIgniter\CodeIgniter->run()
ERROR - 2023-05-26 16:02:00 --> mysqli_sql_exception: Field 'country' doesn't have a default value in /var/www/html/movie/system/Database/MySQLi/Connection.php:295
Stack trace:
#0 /var/www/html/movie/system/Database/MySQLi/Connection.php(295): mysqli->query()
#1 /var/www/html/movie/system/Database/BaseConnection.php(692): CodeIgniter\Database\MySQLi\Connection->execute()
#2 /var/www/html/movie/system/Database/BaseConnection.php(606): CodeIgniter\Database\BaseConnection->simpleQuery()
#3 /var/www/html/movie/system/Database/BaseBuilder.php(2309): CodeIgniter\Database\BaseConnection->query()
#4 /var/www/html/movie/system/Model.php(330): CodeIgniter\Database\BaseBuilder->insert()
#5 /var/www/html/movie/system/BaseModel.php(782): CodeIgniter\Model->doInsert()
#6 /var/www/html/movie/system/Model.php(730): CodeIgniter\BaseModel->insert()
#7 /var/www/html/movie/app/Controllers/Admin.php(66): CodeIgniter\Model->insert()
#8 /var/www/html/movie/system/CodeIgniter.php(934): App\Controllers\Admin->saveMovie()
#9 /var/www/html/movie/system/CodeIgniter.php(499): CodeIgniter\CodeIgniter->runController()
#10 /var/www/html/movie/system/CodeIgniter.php(368): CodeIgniter\CodeIgniter->handleRequest()
#11 /var/www/html/movie/public/index.php(67): CodeIgniter\CodeIgniter->run()
#12 {main}
CRITICAL - 2023-05-26 16:02:00 --> Field 'country' doesn't have a default value
in SYSTEMPATH/Database/MySQLi/Connection.php on line 295.
 1 SYSTEMPATH/Database/MySQLi/Connection.php(295): mysqli->query()
 2 SYSTEMPATH/Database/BaseConnection.php(692): CodeIgniter\Database\MySQLi\Connection->execute()
 3 SYSTEMPATH/Database/BaseConnection.php(606): CodeIgniter\Database\BaseConnection->simpleQuery()
 4 SYSTEMPATH/Database/BaseBuilder.php(2309): CodeIgniter\Database\BaseConnection->query()
 5 SYSTEMPATH/Model.php(330): CodeIgniter\Database\BaseBuilder->insert()
 6 SYSTEMPATH/BaseModel.php(782): CodeIgniter\Model->doInsert()
 7 SYSTEMPATH/Model.php(730): CodeIgniter\BaseModel->insert()
 8 APPPATH/Controllers/Admin.php(66): CodeIgniter\Model->insert()
 9 SYSTEMPATH/CodeIgniter.php(934): App\Controllers\Admin->saveMovie()
10 SYSTEMPATH/CodeIgniter.php(499): CodeIgniter\CodeIgniter->runController()
11 SYSTEMPATH/CodeIgniter.php(368): CodeIgniter\CodeIgniter->handleRequest()
12 FCPATH/index.php(67): CodeIgniter\CodeIgniter->run()
ERROR - 2023-05-26 16:02:14 --> mysqli_sql_exception: Field 'country' doesn't have a default value in /var/www/html/movie/system/Database/MySQLi/Connection.php:295
Stack trace:
#0 /var/www/html/movie/system/Database/MySQLi/Connection.php(295): mysqli->query()
#1 /var/www/html/movie/system/Database/BaseConnection.php(692): CodeIgniter\Database\MySQLi\Connection->execute()
#2 /var/www/html/movie/system/Database/BaseConnection.php(606): CodeIgniter\Database\BaseConnection->simpleQuery()
#3 /var/www/html/movie/system/Database/BaseBuilder.php(2309): CodeIgniter\Database\BaseConnection->query()
#4 /var/www/html/movie/system/Model.php(330): CodeIgniter\Database\BaseBuilder->insert()
#5 /var/www/html/movie/system/BaseModel.php(782): CodeIgniter\Model->doInsert()
#6 /var/www/html/movie/system/Model.php(730): CodeIgniter\BaseModel->insert()
#7 /var/www/html/movie/app/Controllers/Admin.php(66): CodeIgniter\Model->insert()
#8 /var/www/html/movie/system/CodeIgniter.php(934): App\Controllers\Admin->saveMovie()
#9 /var/www/html/movie/system/CodeIgniter.php(499): CodeIgniter\CodeIgniter->runController()
#10 /var/www/html/movie/system/CodeIgniter.php(368): CodeIgniter\CodeIgniter->handleRequest()
#11 /var/www/html/movie/public/index.php(67): CodeIgniter\CodeIgniter->run()
#12 {main}
CRITICAL - 2023-05-26 16:02:14 --> Field 'country' doesn't have a default value
in SYSTEMPATH/Database/MySQLi/Connection.php on line 295.
 1 SYSTEMPATH/Database/MySQLi/Connection.php(295): mysqli->query()
 2 SYSTEMPATH/Database/BaseConnection.php(692): CodeIgniter\Database\MySQLi\Connection->execute()
 3 SYSTEMPATH/Database/BaseConnection.php(606): CodeIgniter\Database\BaseConnection->simpleQuery()
 4 SYSTEMPATH/Database/BaseBuilder.php(2309): CodeIgniter\Database\BaseConnection->query()
 5 SYSTEMPATH/Model.php(330): CodeIgniter\Database\BaseBuilder->insert()
 6 SYSTEMPATH/BaseModel.php(782): CodeIgniter\Model->doInsert()
 7 SYSTEMPATH/Model.php(730): CodeIgniter\BaseModel->insert()
 8 APPPATH/Controllers/Admin.php(66): CodeIgniter\Model->insert()
 9 SYSTEMPATH/CodeIgniter.php(934): App\Controllers\Admin->saveMovie()
10 SYSTEMPATH/CodeIgniter.php(499): CodeIgniter\CodeIgniter->runController()
11 SYSTEMPATH/CodeIgniter.php(368): CodeIgniter\CodeIgniter->handleRequest()
12 FCPATH/index.php(67): CodeIgniter\CodeIgniter->run()
ERROR - 2023-05-26 16:08:49 --> mysqli_sql_exception: Field 'country' doesn't have a default value in /var/www/html/movie/system/Database/MySQLi/Connection.php:295
Stack trace:
#0 /var/www/html/movie/system/Database/MySQLi/Connection.php(295): mysqli->query()
#1 /var/www/html/movie/system/Database/BaseConnection.php(692): CodeIgniter\Database\MySQLi\Connection->execute()
#2 /var/www/html/movie/system/Database/BaseConnection.php(606): CodeIgniter\Database\BaseConnection->simpleQuery()
#3 /var/www/html/movie/system/Database/BaseBuilder.php(2309): CodeIgniter\Database\BaseConnection->query()
#4 /var/www/html/movie/system/Model.php(330): CodeIgniter\Database\BaseBuilder->insert()
#5 /var/www/html/movie/system/BaseModel.php(782): CodeIgniter\Model->doInsert()
#6 /var/www/html/movie/system/Model.php(730): CodeIgniter\BaseModel->insert()
#7 /var/www/html/movie/app/Controllers/Admin.php(66): CodeIgniter\Model->insert()
#8 /var/www/html/movie/system/CodeIgniter.php(934): App\Controllers\Admin->saveMovie()
#9 /var/www/html/movie/system/CodeIgniter.php(499): CodeIgniter\CodeIgniter->runController()
#10 /var/www/html/movie/system/CodeIgniter.php(368): CodeIgniter\CodeIgniter->handleRequest()
#11 /var/www/html/movie/public/index.php(67): CodeIgniter\CodeIgniter->run()
#12 {main}
CRITICAL - 2023-05-26 16:08:49 --> Field 'country' doesn't have a default value
in SYSTEMPATH/Database/MySQLi/Connection.php on line 295.
 1 SYSTEMPATH/Database/MySQLi/Connection.php(295): mysqli->query()
 2 SYSTEMPATH/Database/BaseConnection.php(692): CodeIgniter\Database\MySQLi\Connection->execute()
 3 SYSTEMPATH/Database/BaseConnection.php(606): CodeIgniter\Database\BaseConnection->simpleQuery()
 4 SYSTEMPATH/Database/BaseBuilder.php(2309): CodeIgniter\Database\BaseConnection->query()
 5 SYSTEMPATH/Model.php(330): CodeIgniter\Database\BaseBuilder->insert()
 6 SYSTEMPATH/BaseModel.php(782): CodeIgniter\Model->doInsert()
 7 SYSTEMPATH/Model.php(730): CodeIgniter\BaseModel->insert()
 8 APPPATH/Controllers/Admin.php(66): CodeIgniter\Model->insert()
 9 SYSTEMPATH/CodeIgniter.php(934): App\Controllers\Admin->saveMovie()
10 SYSTEMPATH/CodeIgniter.php(499): CodeIgniter\CodeIgniter->runController()
11 SYSTEMPATH/CodeIgniter.php(368): CodeIgniter\CodeIgniter->handleRequest()
12 FCPATH/index.php(67): CodeIgniter\CodeIgniter->run()
ERROR - 2023-05-26 16:12:49 --> mysqli_sql_exception: Field 'country' doesn't have a default value in /var/www/html/movie/system/Database/MySQLi/Connection.php:295
Stack trace:
#0 /var/www/html/movie/system/Database/MySQLi/Connection.php(295): mysqli->query()
#1 /var/www/html/movie/system/Database/BaseConnection.php(692): CodeIgniter\Database\MySQLi\Connection->execute()
#2 /var/www/html/movie/system/Database/BaseConnection.php(606): CodeIgniter\Database\BaseConnection->simpleQuery()
#3 /var/www/html/movie/system/Database/BaseBuilder.php(2309): CodeIgniter\Database\BaseConnection->query()
#4 /var/www/html/movie/system/Model.php(330): CodeIgniter\Database\BaseBuilder->insert()
#5 /var/www/html/movie/system/BaseModel.php(782): CodeIgniter\Model->doInsert()
#6 /var/www/html/movie/system/Model.php(730): CodeIgniter\BaseModel->insert()
#7 /var/www/html/movie/app/Controllers/Admin.php(66): CodeIgniter\Model->insert()
#8 /var/www/html/movie/system/CodeIgniter.php(934): App\Controllers\Admin->saveMovie()
#9 /var/www/html/movie/system/CodeIgniter.php(499): CodeIgniter\CodeIgniter->runController()
#10 /var/www/html/movie/system/CodeIgniter.php(368): CodeIgniter\CodeIgniter->handleRequest()
#11 /var/www/html/movie/public/index.php(67): CodeIgniter\CodeIgniter->run()
#12 {main}
CRITICAL - 2023-05-26 16:12:49 --> Field 'country' doesn't have a default value
in SYSTEMPATH/Database/MySQLi/Connection.php on line 295.
 1 SYSTEMPATH/Database/MySQLi/Connection.php(295): mysqli->query()
 2 SYSTEMPATH/Database/BaseConnection.php(692): CodeIgniter\Database\MySQLi\Connection->execute()
 3 SYSTEMPATH/Database/BaseConnection.php(606): CodeIgniter\Database\BaseConnection->simpleQuery()
 4 SYSTEMPATH/Database/BaseBuilder.php(2309): CodeIgniter\Database\BaseConnection->query()
 5 SYSTEMPATH/Model.php(330): CodeIgniter\Database\BaseBuilder->insert()
 6 SYSTEMPATH/BaseModel.php(782): CodeIgniter\Model->doInsert()
 7 SYSTEMPATH/Model.php(730): CodeIgniter\BaseModel->insert()
 8 APPPATH/Controllers/Admin.php(66): CodeIgniter\Model->insert()
 9 SYSTEMPATH/CodeIgniter.php(934): App\Controllers\Admin->saveMovie()
10 SYSTEMPATH/CodeIgniter.php(499): CodeIgniter\CodeIgniter->runController()
11 SYSTEMPATH/CodeIgniter.php(368): CodeIgniter\CodeIgniter->handleRequest()
12 FCPATH/index.php(67): CodeIgniter\CodeIgniter->run()
