ERROR - 2023-05-27 15:06:31 --> mysqli_sql_exception: Field 'country' doesn't have a default value in /var/www/html/movie/system/Database/MySQLi/Connection.php:295
Stack trace:
#0 /var/www/html/movie/system/Database/MySQLi/Connection.php(295): mysqli->query()
#1 /var/www/html/movie/system/Database/BaseConnection.php(692): CodeIgniter\Database\MySQLi\Connection->execute()
#2 /var/www/html/movie/system/Database/BaseConnection.php(606): CodeIgniter\Database\BaseConnection->simpleQuery()
#3 /var/www/html/movie/system/Database/BaseBuilder.php(2309): CodeIgniter\Database\BaseConnection->query()
#4 /var/www/html/movie/system/Model.php(330): CodeIgniter\Database\BaseBuilder->insert()
#5 /var/www/html/movie/system/BaseModel.php(782): CodeIgniter\Model->doInsert()
#6 /var/www/html/movie/system/Model.php(730): CodeIgniter\BaseModel->insert()
#7 /var/www/html/movie/app/Controllers/Admin.php(66): CodeIgniter\Model->insert()
#8 /var/www/html/movie/system/CodeIgniter.php(934): App\Controllers\Admin->saveMovie()
#9 /var/www/html/movie/system/CodeIgniter.php(499): CodeIgniter\CodeIgniter->runController()
#10 /var/www/html/movie/system/CodeIgniter.php(368): CodeIgniter\CodeIgniter->handleRequest()
#11 /var/www/html/movie/public/index.php(67): CodeIgniter\CodeIgniter->run()
#12 {main}
CRITICAL - 2023-05-27 15:06:31 --> Field 'country' doesn't have a default value
in SYSTEMPATH/Database/MySQLi/Connection.php on line 295.
 1 SYSTEMPATH/Database/MySQLi/Connection.php(295): mysqli->query()
 2 SYSTEMPATH/Database/BaseConnection.php(692): CodeIgniter\Database\MySQLi\Connection->execute()
 3 SYSTEMPATH/Database/BaseConnection.php(606): CodeIgniter\Database\BaseConnection->simpleQuery()
 4 SYSTEMPATH/Database/BaseBuilder.php(2309): CodeIgniter\Database\BaseConnection->query()
 5 SYSTEMPATH/Model.php(330): CodeIgniter\Database\BaseBuilder->insert()
 6 SYSTEMPATH/BaseModel.php(782): CodeIgniter\Model->doInsert()
 7 SYSTEMPATH/Model.php(730): CodeIgniter\BaseModel->insert()
 8 APPPATH/Controllers/Admin.php(66): CodeIgniter\Model->insert()
 9 SYSTEMPATH/CodeIgniter.php(934): App\Controllers\Admin->saveMovie()
10 SYSTEMPATH/CodeIgniter.php(499): CodeIgniter\CodeIgniter->runController()
11 SYSTEMPATH/CodeIgniter.php(368): CodeIgniter\CodeIgniter->handleRequest()
12 FCPATH/index.php(67): CodeIgniter\CodeIgniter->run()
ERROR - 2023-05-27 15:09:03 --> mysqli_sql_exception: Field 'country' doesn't have a default value in /var/www/html/movie/system/Database/MySQLi/Connection.php:295
Stack trace:
#0 /var/www/html/movie/system/Database/MySQLi/Connection.php(295): mysqli->query()
#1 /var/www/html/movie/system/Database/BaseConnection.php(692): CodeIgniter\Database\MySQLi\Connection->execute()
#2 /var/www/html/movie/system/Database/BaseConnection.php(606): CodeIgniter\Database\BaseConnection->simpleQuery()
#3 /var/www/html/movie/system/Database/BaseBuilder.php(2309): CodeIgniter\Database\BaseConnection->query()
#4 /var/www/html/movie/system/Model.php(330): CodeIgniter\Database\BaseBuilder->insert()
#5 /var/www/html/movie/system/BaseModel.php(782): CodeIgniter\Model->doInsert()
#6 /var/www/html/movie/system/Model.php(730): CodeIgniter\BaseModel->insert()
#7 /var/www/html/movie/app/Controllers/Admin.php(66): CodeIgniter\Model->insert()
#8 /var/www/html/movie/system/CodeIgniter.php(934): App\Controllers\Admin->saveMovie()
#9 /var/www/html/movie/system/CodeIgniter.php(499): CodeIgniter\CodeIgniter->runController()
#10 /var/www/html/movie/system/CodeIgniter.php(368): CodeIgniter\CodeIgniter->handleRequest()
#11 /var/www/html/movie/public/index.php(67): CodeIgniter\CodeIgniter->run()
#12 {main}
CRITICAL - 2023-05-27 15:09:03 --> Field 'country' doesn't have a default value
in SYSTEMPATH/Database/MySQLi/Connection.php on line 295.
 1 SYSTEMPATH/Database/MySQLi/Connection.php(295): mysqli->query()
 2 SYSTEMPATH/Database/BaseConnection.php(692): CodeIgniter\Database\MySQLi\Connection->execute()
 3 SYSTEMPATH/Database/BaseConnection.php(606): CodeIgniter\Database\BaseConnection->simpleQuery()
 4 SYSTEMPATH/Database/BaseBuilder.php(2309): CodeIgniter\Database\BaseConnection->query()
 5 SYSTEMPATH/Model.php(330): CodeIgniter\Database\BaseBuilder->insert()
 6 SYSTEMPATH/BaseModel.php(782): CodeIgniter\Model->doInsert()
 7 SYSTEMPATH/Model.php(730): CodeIgniter\BaseModel->insert()
 8 APPPATH/Controllers/Admin.php(66): CodeIgniter\Model->insert()
 9 SYSTEMPATH/CodeIgniter.php(934): App\Controllers\Admin->saveMovie()
10 SYSTEMPATH/CodeIgniter.php(499): CodeIgniter\CodeIgniter->runController()
11 SYSTEMPATH/CodeIgniter.php(368): CodeIgniter\CodeIgniter->handleRequest()
12 FCPATH/index.php(67): CodeIgniter\CodeIgniter->run()
ERROR - 2023-05-27 15:12:41 --> mysqli_sql_exception: Field 'country' doesn't have a default value in /var/www/html/movie/system/Database/MySQLi/Connection.php:295
Stack trace:
#0 /var/www/html/movie/system/Database/MySQLi/Connection.php(295): mysqli->query()
#1 /var/www/html/movie/system/Database/BaseConnection.php(692): CodeIgniter\Database\MySQLi\Connection->execute()
#2 /var/www/html/movie/system/Database/BaseConnection.php(606): CodeIgniter\Database\BaseConnection->simpleQuery()
#3 /var/www/html/movie/system/Database/BaseBuilder.php(2309): CodeIgniter\Database\BaseConnection->query()
#4 /var/www/html/movie/system/Model.php(330): CodeIgniter\Database\BaseBuilder->insert()
#5 /var/www/html/movie/system/BaseModel.php(782): CodeIgniter\Model->doInsert()
#6 /var/www/html/movie/system/Model.php(730): CodeIgniter\BaseModel->insert()
#7 /var/www/html/movie/app/Controllers/Admin.php(66): CodeIgniter\Model->insert()
#8 /var/www/html/movie/system/CodeIgniter.php(934): App\Controllers\Admin->saveMovie()
#9 /var/www/html/movie/system/CodeIgniter.php(499): CodeIgniter\CodeIgniter->runController()
#10 /var/www/html/movie/system/CodeIgniter.php(368): CodeIgniter\CodeIgniter->handleRequest()
#11 /var/www/html/movie/public/index.php(67): CodeIgniter\CodeIgniter->run()
#12 {main}
CRITICAL - 2023-05-27 15:12:41 --> Field 'country' doesn't have a default value
in SYSTEMPATH/Database/MySQLi/Connection.php on line 295.
 1 SYSTEMPATH/Database/MySQLi/Connection.php(295): mysqli->query()
 2 SYSTEMPATH/Database/BaseConnection.php(692): CodeIgniter\Database\MySQLi\Connection->execute()
 3 SYSTEMPATH/Database/BaseConnection.php(606): CodeIgniter\Database\BaseConnection->simpleQuery()
 4 SYSTEMPATH/Database/BaseBuilder.php(2309): CodeIgniter\Database\BaseConnection->query()
 5 SYSTEMPATH/Model.php(330): CodeIgniter\Database\BaseBuilder->insert()
 6 SYSTEMPATH/BaseModel.php(782): CodeIgniter\Model->doInsert()
 7 SYSTEMPATH/Model.php(730): CodeIgniter\BaseModel->insert()
 8 APPPATH/Controllers/Admin.php(66): CodeIgniter\Model->insert()
 9 SYSTEMPATH/CodeIgniter.php(934): App\Controllers\Admin->saveMovie()
10 SYSTEMPATH/CodeIgniter.php(499): CodeIgniter\CodeIgniter->runController()
11 SYSTEMPATH/CodeIgniter.php(368): CodeIgniter\CodeIgniter->handleRequest()
12 FCPATH/index.php(67): CodeIgniter\CodeIgniter->run()
ERROR - 2023-05-27 15:16:22 --> mysqli_sql_exception: Field 'country' doesn't have a default value in /var/www/html/movie/system/Database/MySQLi/Connection.php:295
Stack trace:
#0 /var/www/html/movie/system/Database/MySQLi/Connection.php(295): mysqli->query()
#1 /var/www/html/movie/system/Database/BaseConnection.php(692): CodeIgniter\Database\MySQLi\Connection->execute()
#2 /var/www/html/movie/system/Database/BaseConnection.php(606): CodeIgniter\Database\BaseConnection->simpleQuery()
#3 /var/www/html/movie/system/Database/BaseBuilder.php(2309): CodeIgniter\Database\BaseConnection->query()
#4 /var/www/html/movie/system/Model.php(330): CodeIgniter\Database\BaseBuilder->insert()
#5 /var/www/html/movie/system/BaseModel.php(782): CodeIgniter\Model->doInsert()
#6 /var/www/html/movie/system/Model.php(730): CodeIgniter\BaseModel->insert()
#7 /var/www/html/movie/app/Controllers/Admin.php(66): CodeIgniter\Model->insert()
#8 /var/www/html/movie/system/CodeIgniter.php(934): App\Controllers\Admin->saveMovie()
#9 /var/www/html/movie/system/CodeIgniter.php(499): CodeIgniter\CodeIgniter->runController()
#10 /var/www/html/movie/system/CodeIgniter.php(368): CodeIgniter\CodeIgniter->handleRequest()
#11 /var/www/html/movie/public/index.php(67): CodeIgniter\CodeIgniter->run()
#12 {main}
CRITICAL - 2023-05-27 15:16:22 --> Field 'country' doesn't have a default value
in SYSTEMPATH/Database/MySQLi/Connection.php on line 295.
 1 SYSTEMPATH/Database/MySQLi/Connection.php(295): mysqli->query()
 2 SYSTEMPATH/Database/BaseConnection.php(692): CodeIgniter\Database\MySQLi\Connection->execute()
 3 SYSTEMPATH/Database/BaseConnection.php(606): CodeIgniter\Database\BaseConnection->simpleQuery()
 4 SYSTEMPATH/Database/BaseBuilder.php(2309): CodeIgniter\Database\BaseConnection->query()
 5 SYSTEMPATH/Model.php(330): CodeIgniter\Database\BaseBuilder->insert()
 6 SYSTEMPATH/BaseModel.php(782): CodeIgniter\Model->doInsert()
 7 SYSTEMPATH/Model.php(730): CodeIgniter\BaseModel->insert()
 8 APPPATH/Controllers/Admin.php(66): CodeIgniter\Model->insert()
 9 SYSTEMPATH/CodeIgniter.php(934): App\Controllers\Admin->saveMovie()
10 SYSTEMPATH/CodeIgniter.php(499): CodeIgniter\CodeIgniter->runController()
11 SYSTEMPATH/CodeIgniter.php(368): CodeIgniter\CodeIgniter->handleRequest()
12 FCPATH/index.php(67): CodeIgniter\CodeIgniter->run()
ERROR - 2023-05-27 15:21:57 --> mysqli_sql_exception: Field 'country' doesn't have a default value in /var/www/html/movie/system/Database/MySQLi/Connection.php:295
Stack trace:
#0 /var/www/html/movie/system/Database/MySQLi/Connection.php(295): mysqli->query()
#1 /var/www/html/movie/system/Database/BaseConnection.php(692): CodeIgniter\Database\MySQLi\Connection->execute()
#2 /var/www/html/movie/system/Database/BaseConnection.php(606): CodeIgniter\Database\BaseConnection->simpleQuery()
#3 /var/www/html/movie/system/Database/BaseBuilder.php(2309): CodeIgniter\Database\BaseConnection->query()
#4 /var/www/html/movie/system/Model.php(330): CodeIgniter\Database\BaseBuilder->insert()
#5 /var/www/html/movie/system/BaseModel.php(782): CodeIgniter\Model->doInsert()
#6 /var/www/html/movie/system/Model.php(730): CodeIgniter\BaseModel->insert()
#7 /var/www/html/movie/app/Controllers/Admin.php(66): CodeIgniter\Model->insert()
#8 /var/www/html/movie/system/CodeIgniter.php(934): App\Controllers\Admin->saveMovie()
#9 /var/www/html/movie/system/CodeIgniter.php(499): CodeIgniter\CodeIgniter->runController()
#10 /var/www/html/movie/system/CodeIgniter.php(368): CodeIgniter\CodeIgniter->handleRequest()
#11 /var/www/html/movie/public/index.php(67): CodeIgniter\CodeIgniter->run()
#12 {main}
CRITICAL - 2023-05-27 15:21:57 --> Field 'country' doesn't have a default value
in SYSTEMPATH/Database/MySQLi/Connection.php on line 295.
 1 SYSTEMPATH/Database/MySQLi/Connection.php(295): mysqli->query()
 2 SYSTEMPATH/Database/BaseConnection.php(692): CodeIgniter\Database\MySQLi\Connection->execute()
 3 SYSTEMPATH/Database/BaseConnection.php(606): CodeIgniter\Database\BaseConnection->simpleQuery()
 4 SYSTEMPATH/Database/BaseBuilder.php(2309): CodeIgniter\Database\BaseConnection->query()
 5 SYSTEMPATH/Model.php(330): CodeIgniter\Database\BaseBuilder->insert()
 6 SYSTEMPATH/BaseModel.php(782): CodeIgniter\Model->doInsert()
 7 SYSTEMPATH/Model.php(730): CodeIgniter\BaseModel->insert()
 8 APPPATH/Controllers/Admin.php(66): CodeIgniter\Model->insert()
 9 SYSTEMPATH/CodeIgniter.php(934): App\Controllers\Admin->saveMovie()
10 SYSTEMPATH/CodeIgniter.php(499): CodeIgniter\CodeIgniter->runController()
11 SYSTEMPATH/CodeIgniter.php(368): CodeIgniter\CodeIgniter->handleRequest()
12 FCPATH/index.php(67): CodeIgniter\CodeIgniter->run()
ERROR - 2023-05-27 15:23:40 --> mysqli_sql_exception: Field 'country' doesn't have a default value in /var/www/html/movie/system/Database/MySQLi/Connection.php:295
Stack trace:
#0 /var/www/html/movie/system/Database/MySQLi/Connection.php(295): mysqli->query()
#1 /var/www/html/movie/system/Database/BaseConnection.php(692): CodeIgniter\Database\MySQLi\Connection->execute()
#2 /var/www/html/movie/system/Database/BaseConnection.php(606): CodeIgniter\Database\BaseConnection->simpleQuery()
#3 /var/www/html/movie/system/Database/BaseBuilder.php(2309): CodeIgniter\Database\BaseConnection->query()
#4 /var/www/html/movie/system/Model.php(330): CodeIgniter\Database\BaseBuilder->insert()
#5 /var/www/html/movie/system/BaseModel.php(782): CodeIgniter\Model->doInsert()
#6 /var/www/html/movie/system/Model.php(730): CodeIgniter\BaseModel->insert()
#7 /var/www/html/movie/app/Controllers/Admin.php(66): CodeIgniter\Model->insert()
#8 /var/www/html/movie/system/CodeIgniter.php(934): App\Controllers\Admin->saveMovie()
#9 /var/www/html/movie/system/CodeIgniter.php(499): CodeIgniter\CodeIgniter->runController()
#10 /var/www/html/movie/system/CodeIgniter.php(368): CodeIgniter\CodeIgniter->handleRequest()
#11 /var/www/html/movie/public/index.php(67): CodeIgniter\CodeIgniter->run()
#12 {main}
CRITICAL - 2023-05-27 15:23:40 --> Field 'country' doesn't have a default value
in SYSTEMPATH/Database/MySQLi/Connection.php on line 295.
 1 SYSTEMPATH/Database/MySQLi/Connection.php(295): mysqli->query()
 2 SYSTEMPATH/Database/BaseConnection.php(692): CodeIgniter\Database\MySQLi\Connection->execute()
 3 SYSTEMPATH/Database/BaseConnection.php(606): CodeIgniter\Database\BaseConnection->simpleQuery()
 4 SYSTEMPATH/Database/BaseBuilder.php(2309): CodeIgniter\Database\BaseConnection->query()
 5 SYSTEMPATH/Model.php(330): CodeIgniter\Database\BaseBuilder->insert()
 6 SYSTEMPATH/BaseModel.php(782): CodeIgniter\Model->doInsert()
 7 SYSTEMPATH/Model.php(730): CodeIgniter\BaseModel->insert()
 8 APPPATH/Controllers/Admin.php(66): CodeIgniter\Model->insert()
 9 SYSTEMPATH/CodeIgniter.php(934): App\Controllers\Admin->saveMovie()
10 SYSTEMPATH/CodeIgniter.php(499): CodeIgniter\CodeIgniter->runController()
11 SYSTEMPATH/CodeIgniter.php(368): CodeIgniter\CodeIgniter->handleRequest()
12 FCPATH/index.php(67): CodeIgniter\CodeIgniter->run()
