CRITICAL - 2023-05-22 13:48:32 --> Undefined variable $builder
in APPPATH/Controllers/Admin.php on line 49.
 1 APPPATH/Controllers/Admin.php(49): CodeIgniter\Debug\Exceptions->errorHandler()
 2 SYSTEMPATH/CodeIgniter.php(934): App\Controllers\Admin->saveMovie()
 3 SYSTEMPATH/CodeIgniter.php(499): CodeIgniter\CodeIgniter->runController()
 4 SYSTEMPATH/CodeIgniter.php(368): CodeIgniter\CodeIgniter->handleRequest()
 5 FCPATH/index.php(67): CodeIgniter\CodeIgniter->run()
CRITICAL - 2023-05-22 13:49:53 --> Undefined constant "App\Controllers\CodeIgniter\Database\RawSql"
in APPPATH/Controllers/Admin.php on line 34.
 1 SYSTEMPATH/CodeIgniter.php(934): App\Controllers\Admin->saveMovie()
 2 SYSTEMPATH/CodeIgniter.php(499): CodeIgniter\CodeIgniter->runController()
 3 SYSTEMPATH/CodeIgniter.php(368): CodeIgniter\CodeIgniter->handleRequest()
 4 FCPATH/index.php(67): CodeIgniter\CodeIgniter->run()
CRITICAL - 2023-05-22 14:08:08 --> Class "App\Models\MovieModel" not found
in APPPATH/Controllers/Admin.php on line 35.
 1 SYSTEMPATH/CodeIgniter.php(934): App\Controllers\Admin->saveMovie()
 2 SYSTEMPATH/CodeIgniter.php(499): CodeIgniter\CodeIgniter->runController()
 3 SYSTEMPATH/CodeIgniter.php(368): CodeIgniter\CodeIgniter->handleRequest()
 4 FCPATH/index.php(67): CodeIgniter\CodeIgniter->run()
CRITICAL - 2023-05-22 14:08:23 --> Class "App\Controllers\MovieModel" not found
in APPPATH/Controllers/Admin.php on line 35.
 1 SYSTEMPATH/CodeIgniter.php(934): App\Controllers\Admin->saveMovie()
 2 SYSTEMPATH/CodeIgniter.php(499): CodeIgniter\CodeIgniter->runController()
 3 SYSTEMPATH/CodeIgniter.php(368): CodeIgniter\CodeIgniter->handleRequest()
 4 FCPATH/index.php(67): CodeIgniter\CodeIgniter->run()
CRITICAL - 2023-05-22 14:08:27 --> Class "App\Controllers\MovieModel" not found
in APPPATH/Controllers/Admin.php on line 35.
 1 SYSTEMPATH/CodeIgniter.php(934): App\Controllers\Admin->saveMovie()
 2 SYSTEMPATH/CodeIgniter.php(499): CodeIgniter\CodeIgniter->runController()
 3 SYSTEMPATH/CodeIgniter.php(368): CodeIgniter\CodeIgniter->handleRequest()
 4 FCPATH/index.php(67): CodeIgniter\CodeIgniter->run()
