CRITICAL - 2023-05-30 10:25:08 --> fopen(/var/www/html/movie/writable/session/ci_sessionh5k72guj01t12ceucd1et9o9hggid9hq): Failed to open stream: Permission denied
in SYSTEMPATH/Session/Handlers/FileHandler.php on line 128.
 1 [internal function]: CodeIgniter\Debug\Exceptions->errorHandler()
 2 SYSTEMPATH/Session/Handlers/FileHandler.php(128): fopen()
 3 [internal function]: CodeIgniter\Session\Handlers\FileHandler->read()
 4 SYSTEMPATH/Session/Session.php(928): session_start()
 5 SYSTEMPATH/Session/Session.php(250): CodeIgniter\Session\Session->startSession()
 6 SYSTEMPATH/Config/Services.php(674): CodeIgniter\Session\Session->start()
 7 SYSTEMPATH/Config/BaseService.php(252): CodeIgniter\Config\Services::session()
 8 SYSTEMPATH/Config/BaseService.php(193): CodeIgniter\Config\BaseService::__callStatic()
 9 SYSTEMPATH/Config/Services.php(641): CodeIgniter\Config\BaseService::getSharedInstance()
10 SYSTEMPATH/Config/BaseService.php(252): CodeIgniter\Config\Services::session()
11 APPPATH/Controllers/Admin.php(16): CodeIgniter\Config\BaseService::__callStatic()
12 SYSTEMPATH/CodeIgniter.php(906): App\Controllers\Admin->__construct()
13 SYSTEMPATH/CodeIgniter.php(490): CodeIgniter\CodeIgniter->createController()
14 SYSTEMPATH/CodeIgniter.php(368): CodeIgniter\CodeIgniter->handleRequest()
15 FCPATH/index.php(67): CodeIgniter\CodeIgniter->run()
ERROR - 2023-05-30 10:26:58 --> mysqli_sql_exception: Field 'country' doesn't have a default value in /var/www/html/movie/system/Database/MySQLi/Connection.php:295
Stack trace:
#0 /var/www/html/movie/system/Database/MySQLi/Connection.php(295): mysqli->query()
#1 /var/www/html/movie/system/Database/BaseConnection.php(692): CodeIgniter\Database\MySQLi\Connection->execute()
#2 /var/www/html/movie/system/Database/BaseConnection.php(606): CodeIgniter\Database\BaseConnection->simpleQuery()
#3 /var/www/html/movie/system/Database/BaseBuilder.php(2309): CodeIgniter\Database\BaseConnection->query()
#4 /var/www/html/movie/system/Model.php(330): CodeIgniter\Database\BaseBuilder->insert()
#5 /var/www/html/movie/system/BaseModel.php(782): CodeIgniter\Model->doInsert()
#6 /var/www/html/movie/system/Model.php(730): CodeIgniter\BaseModel->insert()
#7 /var/www/html/movie/app/Controllers/Admin.php(66): CodeIgniter\Model->insert()
#8 /var/www/html/movie/system/CodeIgniter.php(934): App\Controllers\Admin->saveMovie()
#9 /var/www/html/movie/system/CodeIgniter.php(499): CodeIgniter\CodeIgniter->runController()
#10 /var/www/html/movie/system/CodeIgniter.php(368): CodeIgniter\CodeIgniter->handleRequest()
#11 /var/www/html/movie/public/index.php(67): CodeIgniter\CodeIgniter->run()
#12 {main}
CRITICAL - 2023-05-30 10:26:58 --> Field 'country' doesn't have a default value
in SYSTEMPATH/Database/MySQLi/Connection.php on line 295.
 1 SYSTEMPATH/Database/MySQLi/Connection.php(295): mysqli->query()
 2 SYSTEMPATH/Database/BaseConnection.php(692): CodeIgniter\Database\MySQLi\Connection->execute()
 3 SYSTEMPATH/Database/BaseConnection.php(606): CodeIgniter\Database\BaseConnection->simpleQuery()
 4 SYSTEMPATH/Database/BaseBuilder.php(2309): CodeIgniter\Database\BaseConnection->query()
 5 SYSTEMPATH/Model.php(330): CodeIgniter\Database\BaseBuilder->insert()
 6 SYSTEMPATH/BaseModel.php(782): CodeIgniter\Model->doInsert()
 7 SYSTEMPATH/Model.php(730): CodeIgniter\BaseModel->insert()
 8 APPPATH/Controllers/Admin.php(66): CodeIgniter\Model->insert()
 9 SYSTEMPATH/CodeIgniter.php(934): App\Controllers\Admin->saveMovie()
10 SYSTEMPATH/CodeIgniter.php(499): CodeIgniter\CodeIgniter->runController()
11 SYSTEMPATH/CodeIgniter.php(368): CodeIgniter\CodeIgniter->handleRequest()
12 FCPATH/index.php(67): CodeIgniter\CodeIgniter->run()
CRITICAL - 2023-05-30 11:17:04 --> Undefined variable $movie
in APPPATH/Views/main/details.php on line 21.
 1 APPPATH/Views/main/details.php(21): CodeIgniter\Debug\Exceptions->errorHandler()
 2 SYSTEMPATH/View/View.php(213): include('/var/www/html/movie/app/Views/main/details.php')
 3 SYSTEMPATH/View/View.php(216): CodeIgniter\View\View->CodeIgniter\View\{closure}()
 4 SYSTEMPATH/Common.php(1184): CodeIgniter\View\View->render()
 5 APPPATH/Controllers/Home.php(19): view()
 6 SYSTEMPATH/CodeIgniter.php(934): App\Controllers\Home->details()
 7 SYSTEMPATH/CodeIgniter.php(499): CodeIgniter\CodeIgniter->runController()
 8 SYSTEMPATH/CodeIgniter.php(368): CodeIgniter\CodeIgniter->handleRequest()
 9 FCPATH/index.php(67): CodeIgniter\CodeIgniter->run()
CRITICAL - 2023-05-30 11:17:15 --> Attempt to read property "title" on array
in APPPATH/Views/main/details.php on line 21.
 1 APPPATH/Views/main/details.php(21): CodeIgniter\Debug\Exceptions->errorHandler()
 2 SYSTEMPATH/View/View.php(213): include('/var/www/html/movie/app/Views/main/details.php')
 3 SYSTEMPATH/View/View.php(216): CodeIgniter\View\View->CodeIgniter\View\{closure}()
 4 SYSTEMPATH/Common.php(1184): CodeIgniter\View\View->render()
 5 APPPATH/Controllers/Home.php(19): view()
 6 SYSTEMPATH/CodeIgniter.php(934): App\Controllers\Home->details()
 7 SYSTEMPATH/CodeIgniter.php(499): CodeIgniter\CodeIgniter->runController()
 8 SYSTEMPATH/CodeIgniter.php(368): CodeIgniter\CodeIgniter->handleRequest()
 9 FCPATH/index.php(67): CodeIgniter\CodeIgniter->run()
CRITICAL - 2023-05-30 15:12:28 --> Undefined variable $recent
in APPPATH/Views/main/index.php on line 16.
 1 APPPATH/Views/main/index.php(16): CodeIgniter\Debug\Exceptions->errorHandler()
 2 SYSTEMPATH/View/View.php(213): include('/var/www/html/movie/app/Views/main/index.php')
 3 SYSTEMPATH/View/View.php(216): CodeIgniter\View\View->CodeIgniter\View\{closure}()
 4 SYSTEMPATH/Common.php(1184): CodeIgniter\View\View->render()
 5 APPPATH/Controllers/Home.php(12): view()
 6 SYSTEMPATH/CodeIgniter.php(934): App\Controllers\Home->index()
 7 SYSTEMPATH/CodeIgniter.php(499): CodeIgniter\CodeIgniter->runController()
 8 SYSTEMPATH/CodeIgniter.php(368): CodeIgniter\CodeIgniter->handleRequest()
 9 FCPATH/index.php(67): CodeIgniter\CodeIgniter->run()
